<?xml version="1.0" encoding="UTF-8" standalone="no"?>
<testsuite errors="0" failures="5" name="io.cucumber.core.plugin.JUnitFormatter" skipped="0" tests="5" time="1.216">
<testcase classname="First Feature File" name="TC09" time="0.244">
<failure message="The scenario has pending or undefined step(s)" type="java.lang.Exception"><![CDATA[Given user goes to Medunna webpage..........................................undefined
And verify make an appointment button is displayed..........................skipped
When user clicks to Make an Appointment.....................................skipped
Then verify Make an Appointment page is displayed...........................skipped
When user provides the "123" phone number...................................skipped
Then user gets Phone number is invalid error message........................skipped
And close the application...................................................skipped
]]></failure>
</testcase>
<testcase classname="First Feature File" name="TC09_2" time="0.016">
<failure message="The scenario has pending or undefined step(s)" type="java.lang.Exception"><![CDATA[Given user goes to Medunna webpage..........................................undefined
And verify make an appointment button is displayed..........................skipped
When user clicks to Make an Appointment.....................................skipped
Then verify Make an Appointment page is displayed...........................skipped
When user provides the "00056800005" phone number...........................skipped
Then user gets Phone number is invalid error message........................skipped
And close the application...................................................skipped
]]></failure>
</testcase>
<testcase classname="First Feature File" name="TC09_3" time="0.016">
<failure message="The scenario has pending or undefined step(s)" type="java.lang.Exception"><![CDATA[Given user goes to Medunna webpage..........................................undefined
And verify make an appointment button is displayed..........................skipped
When user clicks to Make an Appointment.....................................skipped
Then verify Make an Appointment page is displayed...........................skipped
When user provides the "1234568790" phone number............................skipped
Then user gets Phone number is invalid error message........................skipped
And close the application...................................................skipped
]]></failure>
</testcase>
<testcase classname="First Feature File" name="TC09_4" time="0.016">
<failure message="The scenario has pending or undefined step(s)" type="java.lang.Exception"><![CDATA[Given user goes to Medunna webpage..........................................undefined
And verify make an appointment button is displayed..........................skipped
When user clicks to Make an Appointment.....................................skipped
Then verify Make an Appointment page is displayed...........................skipped
When user provides the "12345687902" phone number...........................skipped
Then user gets Phone number is invalid error message........................skipped
And close the application...................................................skipped
]]></failure>
</testcase>
<testcase classname="First Feature File" name="TC09_5" time="0.016">
<failure message="The scenario has pending or undefined step(s)" type="java.lang.Exception"><![CDATA[Given user goes to Medunna webpage..........................................undefined
And verify make an appointment button is displayed..........................skipped
When user clicks to Make an Appointment.....................................skipped
Then verify Make an Appointment page is displayed...........................skipped
When user provides the "12-325-45698" phone number..........................skipped
Then user gets Phone number is invalid error message........................skipped
And close the application...................................................skipped
]]></failure>
</testcase>
</testsuite>
